<?xml version="1.0" encoding="UTF-8"?>
<!-- Generated by org.testng.reporters.JUnitReportReporter -->
<testsuite skipped="0" hostname="DESKTOP-QQUJ7MA" name="com.jbk.dashboard.DashboardTesting" tests="6" failures="0" timestamp="22 Oct 2020 05:22:44 GMT" time="64.463" errors="0">
  <testcase name="checkCourses" time="8.119" classname="com.jbk.dashboard.DashboardTesting"/>
  <testcase name="checkSubCourses" time="8.196" classname="com.jbk.dashboard.DashboardTesting"/>
  <testcase name="buttonIsClickable" time="8.988" classname="com.jbk.dashboard.DashboardTesting"/>
  <testcase name="verifyMoreInfoWithWindowsHandles" time="22.280" classname="com.jbk.dashboard.DashboardTesting"/>
  <testcase name="logoutButtonWorking" time="8.542" classname="com.jbk.dashboard.DashboardTesting"/>
  <testcase name="checkDashboardUrl" time="8.338" classname="com.jbk.dashboard.DashboardTesting"/>
</testsuite> <!-- com.jbk.dashboard.DashboardTesting -->
