<?xml version="1.0" encoding="UTF-8"?>
<!-- Generated by org.testng.reporters.JUnitReportReporter -->
<testsuite skipped="0" hostname="DESKTOP-QQUJ7MA" name="com.jbk.dashboard.DashboardTest" tests="1" failures="0" timestamp="19 Oct 2020 06:04:20 GMT" time="0.376" errors="0">
  <testcase name="sidebarList" time="0.376" classname="com.jbk.dashboard.DashboardTest"/>
</testsuite> <!-- com.jbk.dashboard.DashboardTest -->
