<?xml version="1.0" encoding="UTF-8"?>
<!-- Generated by org.testng.reporters.JUnitReportReporter -->
<testsuite skipped="0" hostname="DESKTOP-QQUJ7MA" name="com.jbk.test.DemoTest" tests="1" failures="0" timestamp="21 Oct 2020 03:55:55 GMT" time="0.022" errors="0">
  <testcase name="test01" time="0.022" classname="com.jbk.test.DemoTest"/>
</testsuite> <!-- com.jbk.test.DemoTest -->
